0x49(I) 0x0 0xffff => 0x48b7 0x49b5
0x69(i) 0x5b80 0xdaff => 0x8fe2 0x905f
0xb6 0x6200 0xdfff => 0xbb83 0xbbff
0x5e(^) 0x600 0xffff => 0x6158 0x624d
0x14 0x2c00 0xa6ff => 0x356c 0x35e4
0x94 0x6c00 0xe4ff => 0xb232 0xb2a8
0xca 0x3200 0xa8ff => 0x901d 0x9090
0x42(B) 0x1d00 0x90ff => 0x3a70 0x3adf
0xa4 0x7000 0xdfff => 0xb7d9 0xb844
0x82 0x5900 0xc4ff => 0x8fcf 0x9036
0xfb 0x1e00 0xedff => 0xe953 0xea19
0x23(#) 0x2980 0x8cff => 0x36dd 0x373b
0x8a 0x3a00 0xf7ff => 0xa06a 0xa11e
0x0f 0x3500 0x8f7f => 0x3a07 0x3a5b
0x88 0xe00 0xb7ff => 0x6855 0x68f4
0x19 0x5500 0xf4ff => 0x64e1 0x6577
0x6a(j) 0x6100 0xf7ff => 0xa00e 0xa09a
0xab 0xe00 0x9aff => 0x6d33 0x6db6
0x74(t) 0x3300 0xb6ff => 0x6f00 0x6f79
0xf0 0x0 0xf3ff => 0xe416 0xe4f7
0xe1 0x1600 0xf7ff => 0xdc42 0xdd12
0xb0 0x2100 0x897f => 0x692c 0x698b
0xb0 0x2c00 0x8bff => 0x6e10 0x6ebf
0x81 0x1000 0xbfff => 0x675f 0x67ff
0x20 0x5f00 0xffff => 0x730d 0x739f
0x00 0xd00 0x9fff => 0xd00 0xd84
0x13 0x0 0x84ff => 0x9de 0xa55
0xfb 0x5e00 0xd5ff => 0xd30a 0xd3e2
0x71(q) 0xa00 0xe2ff => 0x692c 0x69ee
0x58(X) 0x2c00 0xeeff => 0x6e22 0x6ed0
0x6b(k) 0x2200 0xd0ff => 0x6b2b 0x6bc6
0x68(h) 0x2b00 0xc6ff => 0x694a 0x69d4
0x43(C) 0x4a00 0xd4ff => 0x6e12 0x6e8c
0xaf 0x1200 0x8cff => 0x66d3 0x673f
0xb2 0x2600 0xffff => 0xc052 0xc111
0xa8 0x2900 0x88ff => 0x681f 0x6872
0xc8 0x3e00 0xe5ff => 0xc273 0xc305
0xb0 0x3980 0x82ff => 0x6c40 0x6cff
0x34(4) 0x4000 0xffff => 0x6666 0x670c
0x19 0x3300 0x867f => 0x3b2e 0x3bbd
0xe8 0x2e00 0xbdff => 0xb06c 0xb0e7
0xa7 0x6c00 0xe7ff => 0xbc4f 0xbcb8
0x9e 0x1e00 0xf1ff => 0x9fc0 0xa075
0xfe 0x4000 0xf5ff => 0xf42e 0xf4c8
0x6c(l) 0x2e00 0xc8ff => 0x6ee2 0x6f65
0x79(y) 0x6200 0xe5ff => 0xa010 0xa07f
0xe6 0x2000 0xffff => 0xe857 0xe914
0xa5 0x2b80 0x8a7f => 0x6820 0x686f
0xde 0x4000 0xdfff => 0xc9f7 0xca7c
0x8e 0x7700 0xfcff => 0xc091 0xc100
0x79(y) 0x1100 0x80ff => 0x44cd 0x4587
0x19 0x6680 0xc3ff => 0x6f4d 0x7035
0x2b(+) 0x2680 0x9aff => 0x3a1a 0x3a7a
0x58(X) 0x3400 0xf5ff => 0x73d5 0x7514
0x7c(|) 0x7540 0xc53f => 0x9bd5 0x9c16
0x19 0x2a00 0xadff => 0x3644 0x37f5
0x25(%) 0x2200 0xfaff => 0x4295 0x4346
0xfb 0x1500 0xc6ff => 0xc1e5 0xc398
0x6a(j) 0x7940 0xe63f => 0xa532 0xa5e2
0x1c 0x3200 0xe2ff => 0x462a 0x46b8
0xa5 0x2a00 0xb8ff => 0x8606 0x86ec
0x5c(\) 0x600 0xecff => 0x56a1 0x575a
0xb2 0x2100 0xdaff => 0xa55b 0xa685
0xd2 0x2d80 0xc2ff => 0xa8d6 0xa94d
0xd8 0x5600 0xcdff => 0xbb4e 0xbbad
0xc7 0x1c00 0xdbff => 0xb1aa 0xb241
0x9d 0x2a00 0xc1ff => 0x85c3 0x863b
0xa7 0x600 0xf7ff => 0xa2da 0xa457
0xcc 0x3680 0x95ff => 0x8331 0x837b
0xac 0x6200 0xf7ff => 0xc6c4 0xc739
0x72(r) 0x800 0xf3ff => 0x6e7b 0x6f33
0x47(G) 0x3d80 0x99ff => 0x5608 0x5650
0xca 0x1000 0xa1ff => 0x83d2 0x84b5
0x44(D) 0x6900 0xdaff => 0x8604 0x865c
0xbd 0x800 0xb9ff => 0x8cd3 0x8d5c
0xaa 0x5300 0xdcff => 0xae07 0xae71
0xfa 0xe00 0xe3ff => 0xdcee 0xdd91
0x4a(J) 0x7700 0xc8ff => 0x8dd5 0x8e12
0x6b(k) 0x2a00 0xa5ff => 0x5bf8 0x5cb4
0xdf 0x7c00 0xda7f => 0xce68 0xceaf
0x84 0x5000 0xdfff => 0x9911 0x997d
0xaa 0x2200 0xfbff => 0xb12e 0xb278
0xaf 0x1700 0xbc7f => 0x87c6 0x88bf
0x5e(^) 0x6300 0xdfff => 0x8e03 0x8ebf
0x92 0x300 0xbfff => 0x6c4e 0x6cdb
0x3f(?) 0x4e00 0xdbff => 0x6df8 0x6e61
0xca 0x7800 0xe1ff => 0xcc0e 0xccfb
0xab 0xe00 0xfbff => 0xabbe 0xad1f
0x57(W) 0x6f80 0xc7ff => 0x8b34 0x8b74
0xd8 0x6800 0xe9ff => 0xd616 0xd6d5
0xac 0x1600 0xd5ff => 0x965e 0x9778
0x7f() 0x2f00 0xbc7f => 0x72e7 0x734e
0xc9 0x6700 0xceff => 0xb8f2 0xb93e
0x3f(?) 0x6400 0xfdff => 0x85e1 0x86c1
0xcc 0x7080 0xe0ff => 0xcb34 0xcbd7
0x66(f) 0x3400 0xd7ff => 0x7091 0x7107
0xf8 0x1100 0x87ff => 0x8347 0x839d
0x71(q) 0xe00 0xbbff => 0x573c 0x5837
0x5e(^) 0x1e00 0x9bff => 0x4897 0x49a7
0x6b(k) 0x4b80 0xd3ff => 0x8190 0x82b5
0x3c(<) 0x4800 0xdaff => 0x6678 0x66e0
0xfb 0x7800 0xe0ff => 0xde11 0xdf3c
0xb7 0x880 0x9e7f => 0x7522 0x758c
0xb0 0x2200 0x8cff => 0x6b69 0x6c99
0x8e 0x3480 0xccff => 0x8673 0x874b
0x19 0x3980 0xa5ff => 0x4231 0x43af
0x46(F) 0x1880 0xd7ff => 0x4881 0x4907
0x5e(^) 0x100 0x87ff => 0x2e9e 0x3019
0x21(!) 0x2780 0x867f => 0x32f3 0x3335
0xd7 0x6600 0xebff => 0xd721 0xd77e
0x15 0x4200 0xfdff => 0x4ece 0x4f50
0xba 0x4e00 0xd0ff => 0xae78 0xaed2
0x41(A) 0x7800 0xd2ff => 0x8cf6 0x8d34
0x64(d) 0x6c00 0xe9ff => 0x9a50 0x9aa6
0x23(#) 0x2000 0xcdff => 0x3683 0x3772
0xb9 0x300 0xf2ff => 0xb321 0xb3c5
0xad 0x2100 0xc5ff => 0x9008 0x9078
0x6a(j) 0x1000 0xf1ff => 0x68d4 0x6aa3
0x5e(^) 0x3500 0xa8ff => 0x5c49 0x5dd3
0x58(X) 0x2480 0xe9ff => 0x627b 0x640d
0xff 0x1ec0 0x837f => 0x82f7 0x833a
0xa9 0x6e00 0xf5ff => 0xc5c9 0xc624
0xd7 0x1200 0xc9ff => 0xad5b 0xae52
0xfb 0x2d80 0xa97f => 0xa595 0xa736
0xaf 0x6540 0xcdbf => 0xac03 0xacd5
0xa0 0x300 0xd5ff => 0x817d 0x8209
0x14 0x3e80 0x84ff => 0x42bb 0x4319
0x60(`) 0x3b00 0x99ff => 0x5ca5 0x5ce3
0x93 0x4a00 0xc7ff => 0x905d 0x90af
0x73(s) 0x3a00 0xdfff => 0x831b 0x8388
0x28(() 0x1b00 0x88ff => 0x2b33 0x2b7b
0xc5 0x6600 0xf7ff => 0xd6e2 0xd742
0x68(h) 0x6200 0xc2ff => 0x86e7 0x8766
0xbe 0x6700 0xe6ff => 0xc77e 0xc7d1
0x40(@) 0x7e00 0xd1ff => 0x90b0 0x90e6
0x9d 0x6000 0xcdff => 0xa0d2 0xa160
0xd0 0x5200 0xe0ff => 0xc7e4 0xc840
0xc9 0x6400 0xc0ff => 0xad68 0xade0
0xd2 0x6800 0xe0ff => 0xcc79 0xcd15
0x15 0x3c80 0x8aff => 0x41a7 0x420b
0xed 0x2700 0x8bff => 0x845e 0x849e
0xca 0x3c00 0xbdff => 0xa2e3 0xa431
0xe1 0x38c0 0x8c7f => 0x82d8 0x8342
0xb4 0x5800 0xc2ff => 0xa36f 0xa3b2
0x34(4) 0x5e00 0xe5ff => 0x766b 0x7717
0xb0 0x3580 0x8bff => 0x703e 0x7150
0xec 0x1f00 0xa87f => 0x9d94 0x9deb
0xb0 0x2800 0xd7ff => 0x9eee 0xa18a
0xca 0x3b80 0xe2bf => 0xbf3c 0xc14b
0xc8 0x4f00 0xd2ff => 0xb516 0xb5bc
0xfa 0x1600 0xbcff => 0xb6d8 0xb7a9
0x79(y) 0x6c00 0xd4ff => 0x9b18 0x9bdd
0x100 0x1800 0xddff
